<?xml version="1.0" encoding="UTF-8"?>
<!-- Generated by org.testng.reporters.JUnitXMLReporter -->
<testsuite hostname="lynette" ignored="6" name="Test" tests="4" failures="3" timestamp="19 May 2019 02:25:17 GMT" time="21.277" errors="0">
  <testcase name="verifyGoogleSearch" time="4.732" classname="com.google.TestScripts.AcceptibleTest"/>
  <testcase name="verifyMispellingTest" time="0.006" classname="com.google.TestScripts.MispellingTest">
    <failure type="java.lang.NullPointerException">
      <![CDATA[java.lang.NullPointerException
	at org.openqa.selenium.support.pagefactory.DefaultElementLocator.findElement(DefaultElementLocator.java:69)
	at org.openqa.selenium.support.pagefactory.internal.LocatingElementHandler.invoke(LocatingElementHandler.java:38)
	at com.sun.proxy.$Proxy7.sendKeys(Unknown Source)
	at com.google.Pages.GoogleSearchPage.googleSearch(GoogleSearchPage.java:27)
	at com.google.TestScripts.MispellingTest.verifyMispellingTest(MispellingTest.java:15)
... Removed 25 stack frames]]>
    </failure>
  </testcase> <!-- verifyMispellingTest -->
  <testcase name="verifyAbcenseTest" time="0.006" classname="com.google.TestScripts.AbcenseTest">
    <failure type="java.lang.NullPointerException">
      <![CDATA[java.lang.NullPointerException
	at org.openqa.selenium.support.pagefactory.DefaultElementLocator.findElement(DefaultElementLocator.java:69)
	at org.openqa.selenium.support.pagefactory.internal.LocatingElementHandler.invoke(LocatingElementHandler.java:38)
	at com.sun.proxy.$Proxy7.sendKeys(Unknown Source)
	at com.google.Pages.GoogleSearchPage.googleSearch(GoogleSearchPage.java:27)
	at com.google.TestScripts.AbcenseTest.verifyAbcenseTest(AbcenseTest.java:15)
... Removed 25 stack frames]]>
    </failure>
  </testcase> <!-- verifyAbcenseTest -->
  <testcase name="verifyUnderateTest" time="0.01" classname="com.google.TestScripts.UnderateTest">
    <failure type="java.lang.NullPointerException">
      <![CDATA[java.lang.NullPointerException
	at org.openqa.selenium.support.pagefactory.DefaultElementLocator.findElement(DefaultElementLocator.java:69)
	at org.openqa.selenium.support.pagefactory.internal.LocatingElementHandler.invoke(LocatingElementHandler.java:38)
	at com.sun.proxy.$Proxy7.sendKeys(Unknown Source)
	at com.google.Pages.GoogleSearchPage.googleSearch(GoogleSearchPage.java:27)
	at com.google.TestScripts.UnderateTest.verifyUnderateTest(UnderateTest.java:15)
... Removed 25 stack frames]]>
    </failure>
  </testcase> <!-- verifyUnderateTest -->
  <testcase name="@BeforeTest openBrowser" time="0.0" classname="com.google.TestScripts.BaseTest">
    <ignored/>
  </testcase> <!-- @BeforeTest openBrowser -->
  <testcase name="@BeforeTest openBrowser" time="0.0" classname="com.google.TestScripts.BaseTest">
    <ignored/>
  </testcase> <!-- @BeforeTest openBrowser -->
  <testcase name="@BeforeTest openBrowser" time="0.0" classname="com.google.TestScripts.BaseTest">
    <ignored/>
  </testcase> <!-- @BeforeTest openBrowser -->
  <testcase name="@AfterTest closeBroswer" time="0.0" classname="com.google.TestScripts.BaseTest">
    <ignored/>
  </testcase> <!-- @AfterTest closeBroswer -->
  <testcase name="@AfterTest closeBroswer" time="0.0" classname="com.google.TestScripts.BaseTest">
    <ignored/>
  </testcase> <!-- @AfterTest closeBroswer -->
  <testcase name="@AfterTest closeBroswer" time="0.0" classname="com.google.TestScripts.BaseTest">
    <ignored/>
  </testcase> <!-- @AfterTest closeBroswer -->
</testsuite> <!-- Test -->
